06:00:29 PM: DEBUG [cursor_del_pool.py:10] Inicio de with método __enter__
06:00:29 PM: DEBUG [conexion.py:29] Creación del pool exitosa: <psycopg2.pool.SimpleConnectionPool object at 0x000001DF3479E210>
06:00:29 PM: DEBUG [conexion.py:40] Conexión obtenida del pool: <connection object at 0x000001DF35F8D8B0; dsn: 'user=postgres password=xxx dbname=test_db host=localhost port=5432', closed: 0>
06:00:29 PM: DEBUG [cursor_del_pool.py:32] Listado de personas
06:00:29 PM: DEBUG [cursor_del_pool.py:33] [(2, 'Carlos', 'Lara', 'clara@gmail.com'), (3, 'Miguel', 'Gomez', 'miguel@gmail.com'), (4, 'Felipe', 'Diaz', 'felipe@gmail.com'), (9, 'Mariana', 'Diaz', 'mariana@gmail.com'), (10, 'Adrian', 'Cordero', 'adrian@gmail.com'), (11, 'Mariana', 'Diaz', 'mariana@gmail.com'), (12, 'Maria', 'Avila', 'maria@gmail.com'), (1, 'Uriel edit', 'Martinez edit', 'uriel@gmail.com')]
06:00:29 PM: DEBUG [cursor_del_pool.py:16] Se ejecuta método __exit__
06:00:29 PM: DEBUG [cursor_del_pool.py:22] Commit de la transacción
06:00:29 PM: DEBUG [conexion.py:46] Regresamos la conexión al pool: <connection object at 0x000001DF35F8D8B0; dsn: 'user=postgres password=xxx dbname=test_db host=localhost port=5432', closed: 0>
06:08:11 PM: DEBUG [cursor_del_pool.py:10] Inicio de with método __enter__
06:08:11 PM: DEBUG [conexion.py:29] Creación del pool exitosa: <psycopg2.pool.SimpleConnectionPool object at 0x000001F0D2666960>
06:08:11 PM: DEBUG [conexion.py:40] Conexión obtenida del pool: <connection object at 0x000001F0D26058B0; dsn: 'user=postgres password=xxx dbname=test_db host=localhost port=5432', closed: 0>
06:08:11 PM: DEBUG [cursor_del_pool.py:16] Se ejecuta método __exit__
06:08:11 PM: DEBUG [cursor_del_pool.py:22] Commit de la transacción
06:08:11 PM: DEBUG [conexion.py:46] Regresamos la conexión al pool: <connection object at 0x000001F0D26058B0; dsn: 'user=postgres password=xxx dbname=test_db host=localhost port=5432', closed: 0>
06:11:08 PM: DEBUG [cursor_del_pool.py:10] Inicio de with método __enter__
06:11:08 PM: DEBUG [conexion.py:29] Creación del pool exitosa: <psycopg2.pool.SimpleConnectionPool object at 0x0000021E93F372F0>
06:11:08 PM: DEBUG [conexion.py:40] Conexión obtenida del pool: <connection object at 0x0000021E93ED99C0; dsn: 'user=postgres password=xxx dbname=test_db host=localhost port=5432', closed: 0>
06:11:08 PM: DEBUG [persona_dao.py:33] Persona insertada: 
        [+] Id Persona: None
        [+] Nombre: Pool
        [+] Apellido: pool
        [+] Email: pool@gmail.com
        
06:11:08 PM: DEBUG [cursor_del_pool.py:16] Se ejecuta método __exit__
06:11:08 PM: DEBUG [cursor_del_pool.py:22] Commit de la transacción
06:11:08 PM: DEBUG [conexion.py:46] Regresamos la conexión al pool: <connection object at 0x0000021E93ED99C0; dsn: 'user=postgres password=xxx dbname=test_db host=localhost port=5432', closed: 0>
06:11:08 PM: DEBUG [persona_dao.py:57] Personas insertadas: 1
06:11:08 PM: DEBUG [cursor_del_pool.py:10] Inicio de with método __enter__
06:11:08 PM: DEBUG [conexion.py:40] Conexión obtenida del pool: <connection object at 0x0000021E93ED99C0; dsn: 'user=postgres password=xxx dbname=test_db host=localhost port=5432', closed: 0>
06:11:08 PM: DEBUG [cursor_del_pool.py:16] Se ejecuta método __exit__
06:11:08 PM: DEBUG [cursor_del_pool.py:22] Commit de la transacción
06:11:08 PM: DEBUG [conexion.py:46] Regresamos la conexión al pool: <connection object at 0x0000021E93ED99C0; dsn: 'user=postgres password=xxx dbname=test_db host=localhost port=5432', closed: 0>
